<?xml version="1.0" encoding="UTF-8"?>
<testng-results skipped="0" failed="0" total="1" passed="1">
  <reporter-output>
  </reporter-output>
  <suite name="Suite" duration-ms="17560" started-at="2017-07-03T01:30:45Z" finished-at="2017-07-03T01:31:02Z">
    <groups>
    </groups>
    <test name="Test" duration-ms="17560" started-at="2017-07-03T01:30:45Z" finished-at="2017-07-03T01:31:02Z">
      <class name="demo.test.Test1">
        <test-method status="PASS" signature="beforeMethod()[pri:0, instance:demo.test.Test1@133c8f8]" name="beforeMethod" is-config="true" duration-ms="9631" started-at="2017-07-03T09:30:45Z" finished-at="2017-07-03T09:30:54Z">
          <reporter-output>
          </reporter-output>
        </test-method> <!-- beforeMethod -->
        <test-method status="PASS" signature="f()[pri:0, instance:demo.test.Test1@133c8f8]" name="f" duration-ms="5724" started-at="2017-07-03T09:30:54Z" finished-at="2017-07-03T09:31:00Z">
          <reporter-output>
          </reporter-output>
        </test-method> <!-- f -->
        <test-method status="PASS" signature="afterMethod()[pri:0, instance:demo.test.Test1@133c8f8]" name="afterMethod" is-config="true" duration-ms="2188" started-at="2017-07-03T09:31:00Z" finished-at="2017-07-03T09:31:02Z">
          <reporter-output>
          </reporter-output>
        </test-method> <!-- afterMethod -->
      </class> <!-- demo.test.Test1 -->
    </test> <!-- Test -->
  </suite> <!-- Suite -->
</testng-results>
