<?xml version="1.0" encoding="UTF-8"?>
<testng-results skipped="0" failed="0" total="1" passed="1">
  <reporter-output>
  </reporter-output>
  <suite name="Default suite" duration-ms="20992" started-at="2017-06-29T06:50:40Z" finished-at="2017-06-29T06:51:01Z">
    <groups>
    </groups>
    <test name="Default test" duration-ms="20992" started-at="2017-06-29T06:50:40Z" finished-at="2017-06-29T06:51:01Z">
      <class name="demo.test.Test1">
        <test-method status="PASS" signature="beforeMethod()[pri:0, instance:demo.test.Test1@1efef64]" name="beforeMethod" is-config="true" duration-ms="9343" started-at="2017-06-29T14:50:40Z" finished-at="2017-06-29T14:50:49Z">
          <reporter-output>
          </reporter-output>
        </test-method> <!-- beforeMethod -->
        <test-method status="PASS" signature="f()[pri:0, instance:demo.test.Test1@1efef64]" name="f" duration-ms="9379" started-at="2017-06-29T14:50:49Z" finished-at="2017-06-29T14:50:59Z">
          <reporter-output>
          </reporter-output>
        </test-method> <!-- f -->
        <test-method status="PASS" signature="afterMethod()[pri:0, instance:demo.test.Test1@1efef64]" name="afterMethod" is-config="true" duration-ms="2248" started-at="2017-06-29T14:50:59Z" finished-at="2017-06-29T14:51:01Z">
          <reporter-output>
          </reporter-output>
        </test-method> <!-- afterMethod -->
      </class> <!-- demo.test.Test1 -->
    </test> <!-- Default test -->
  </suite> <!-- Default suite -->
</testng-results>
